<?xml version="1.0" encoding="UTF-8"?>
<!-- Generated by org.testng.reporters.JUnitReportReporter -->
<testsuite hostname="DESKTOP-EBE1IKH" failures="0" tests="1" name="RestAssuredDemo.RestAssured2" time="3.550" errors="0" timestamp="2021-07-13T20:46:50 IST" skipped="0">
  <testcase classname="RestAssuredDemo.RestAssured2" name="getDemo" time="3.550"/>
  <system-out/>
</testsuite> <!-- RestAssuredDemo.RestAssured2 -->
