<?xml version="1.0" encoding="UTF-8"?>
<!-- Generated by org.testng.reporters.JUnitReportReporter -->
<testsuite hostname="DESKTOP-EBE1IKH" failures="0" tests="1" name="RestAssuredDemo.RestAssuredProgram2" time="4.430" errors="0" timestamp="2021-07-15T02:32:11 IST" skipped="0">
  <testcase classname="RestAssuredDemo.RestAssuredProgram2" name="getRequestPractice" time="4.430"/>
  <system-out/>
</testsuite> <!-- RestAssuredDemo.RestAssuredProgram2 -->
