<?xml version="1.0" encoding="UTF-8"?>
<!-- Generated by org.testng.reporters.JUnitReportReporter -->
<testsuite hostname="DESKTOP-EBE1IKH" failures="0" tests="1" name="XpathPractice.XpathPrac" time="10.783" errors="0" timestamp="2021-05-27T10:09:52 IST" skipped="0">
  <testcase classname="XpathPractice.XpathPrac" name="dynamicXpath" time="10.783"/>
</testsuite> <!-- XpathPractice.XpathPrac -->
