<?xml version="1.0" encoding="UTF-8"?>
<!-- Generated by org.testng.reporters.JUnitReportReporter -->
<testsuite hostname="DESKTOP-EBE1IKH" failures="0" tests="1" name="InterviewQuestionsPractice.GetBackGroundColor" time="11.866" errors="0" timestamp="2021-06-03T10:32:03 IST" skipped="0">
  <testcase classname="InterviewQuestionsPractice.GetBackGroundColor" name="bgColorTest" time="11.866"/>
  <system-out/>
</testsuite> <!-- InterviewQuestionsPractice.GetBackGroundColor -->
