<?xml version="1.0" encoding="UTF-8"?>
<!-- Generated by org.testng.reporters.JUnitReportReporter -->
<testsuite hostname="DESKTOP-EBE1IKH" failures="0" tests="2" name="RestAssuredDemo.RestAssuredProgs" time="3.511" errors="0" timestamp="2021-06-18T20:38:53 IST" skipped="0">
  <testcase classname="RestAssuredDemo.RestAssuredProgs" name="thirdDemoProgram" time="0.260"/>
  <system-out/>
  <testcase classname="RestAssuredDemo.RestAssuredProgs" name="secondDemoProgram" time="3.251"/>
  <system-out/>
</testsuite> <!-- RestAssuredDemo.RestAssuredProgs -->
