<?xml version="1.0" encoding="UTF-8"?>
<!-- Generated by org.testng.reporters.JUnitReportReporter -->
<testsuite hostname="DESKTOP-EBE1IKH" failures="0" tests="1" name="BdoLifeRestAssured.BdoLifeRestDemo" time="4.386" errors="0" timestamp="2021-08-07T23:49:40 IST" skipped="0">
  <testcase classname="BdoLifeRestAssured.BdoLifeRestDemo" name="getToken" time="4.386"/>
  <system-out/>
</testsuite> <!-- BdoLifeRestAssured.BdoLifeRestDemo -->
