<?xml version="1.0" encoding="UTF-8"?>
<!-- Generated by org.testng.reporters.JUnitReportReporter -->
<testsuite hostname="DESKTOP-EBE1IKH" failures="0" tests="1" name="RestAssuredDemo.RestAssuredProgs" time="4.020" errors="0" timestamp="2021-07-14T00:46:43 IST" skipped="0">
  <testcase classname="RestAssuredDemo.RestAssuredProgs" name="testPostMethod" time="4.020"/>
  <system-out/>
</testsuite> <!-- RestAssuredDemo.RestAssuredProgs -->
