<?xml version="1.0" encoding="UTF-8"?>
<!-- Generated by org.testng.reporters.JUnitReportReporter -->
<testsuite hostname="DESKTOP-EBE1IKH" failures="0" tests="1" name="RestAssuredDemo.GetDemo" time="4.816" errors="0" timestamp="2021-08-08T00:14:47 IST" skipped="0">
  <testcase classname="RestAssuredDemo.GetDemo" name="getDemo" time="4.816"/>
  <system-out/>
</testsuite> <!-- RestAssuredDemo.GetDemo -->
