<?xml version="1.0" encoding="UTF-8"?>
<!-- Generated by org.testng.reporters.JUnitReportReporter -->
<testsuite hostname="DESKTOP-EBE1IKH" failures="0" tests="1" name="XpathPractice.XpathPrac" time="8.474" errors="0" timestamp="2021-05-29T15:09:39 IST" skipped="0">
  <testcase classname="XpathPractice.XpathPrac" name="dynamicXpath" time="8.474"/>
</testsuite> <!-- XpathPractice.XpathPrac -->
