<?xml version="1.0" encoding="UTF-8"?>
<!-- Generated by org.testng.reporters.JUnitReportReporter -->
<testsuite hostname="DESKTOP-EBE1IKH" failures="0" tests="1" name="SampleTestPrograms.ParametersDemo" time="0.020" errors="0" timestamp="2021-05-14T09:09:35 IST" skipped="0">
  <testcase classname="SampleTestPrograms.ParametersDemo" name="crossBrowserTesting" time="0.020"/>
</testsuite> <!-- SampleTestPrograms.ParametersDemo -->
