<?xml version="1.0" encoding="UTF-8"?>
<!-- Generated by org.testng.reporters.JUnitReportReporter -->
<testsuite hostname="DESKTOP-EBE1IKH" failures="0" tests="1" name="RestAssuredDemo.RestAssuredDemo" time="5.202" errors="0" timestamp="2021-06-20T19:00:53 IST" skipped="0">
  <testcase classname="RestAssuredDemo.RestAssuredDemo" name="demo" time="5.202"/>
  <system-out/>
</testsuite> <!-- RestAssuredDemo.RestAssuredDemo -->
